#
# There is insufficient memory for the Java Runtime Environment to continue.
# Native memory allocation (mmap) failed to map 234881024 bytes for Failed to commit area from 0x0000000720c00000 to 0x000000072ec00000 of length 234881024.
# Possible reasons:
#   The system is out of physical RAM or swap space
#   The process is running with CompressedOops enabled, and the Java Heap may be blocking the growth of the native heap
# Possible solutions:
#   Reduce memory load on the system
#   Increase physical memory or swap space
#   Check if swap backing store is full
#   Decrease Java heap size (-Xmx/-Xms)
#   Decrease number of Java threads
#   Decrease Java thread stack sizes (-Xss)
#   Set larger code cache with -XX:ReservedCodeCacheSize=
# This output file may be truncated or incomplete.
#
#  Out of Memory Error (./open/src/hotspot/os/windows/os_windows.cpp:3273), pid=16376, tid=12780
#
# JRE version:  (11.0.12+8) (build )
# Java VM: Java HotSpot(TM) 64-Bit Server VM (11.0.12+8-LTS-237, mixed mode, sharing, tiered, compressed oops, g1 gc, windows-amd64)
# No core dump will be written. Minidumps are not enabled by default on client versions of Windows
#

---------------  S U M M A R Y ------------

Command Line: -Xverify:none -XX:TieredStopAtLevel=1 -Dfile.encoding=windows-1252 -Duser.country=AR -Duser.language=es -Duser.variant com.mindhub.tiendaderopa.TiendaDeRopaApplication

Host: AMD Ryzen 5 2400G with Radeon Vega Graphics    , 8 cores, 13G,  Windows 10 , 64 bit Build 19041 (10.0.19041.1566)
Time: Thu Mar 31 22:46:29 2022 Hora estándar de Argentina elapsed time: 0.016722 seconds (0d 0h 0m 0s)

---------------  T H R E A D  ---------------

Current thread (0x000001a15518e000):  JavaThread "Unknown thread" [_thread_in_vm, id=12780, stack(0x0000002300e00000,0x0000002300f00000)]

Stack: [0x0000002300e00000,0x0000002300f00000]
Native frames: (J=compiled Java code, j=interpreted, Vv=VM code, C=native code)
V  [jvm.dll+0x617d9a]
V  [jvm.dll+0x74eeef]
V  [jvm.dll+0x750599]
V  [jvm.dll+0x750c23]
V  [jvm.dll+0x2438d8]
V  [jvm.dll+0x61518a]
V  [jvm.dll+0x609f45]
V  [jvm.dll+0x2f85cc]
V  [jvm.dll+0x2f8452]
V  [jvm.dll+0x2fd106]
V  [jvm.dll+0x33f6ef]
V  [jvm.dll+0x33f120]
V  [jvm.dll+0x2d5ca8]
V  [jvm.dll+0x2d6e06]
V  [jvm.dll+0x72a977]
V  [jvm.dll+0x72c21f]
V  [jvm.dll+0x34c469]
V  [jvm.dll+0x710400]
V  [jvm.dll+0x3b5baf]
V  [jvm.dll+0x3b7cb1]
C  [jli.dll+0x520b]
C  [ucrtbase.dll+0x21bb2]
C  [KERNEL32.DLL+0x17034]
C  [ntdll.dll+0x52651]


---------------  P R O C E S S  ---------------

Threads class SMR info:
_java_thread_list=0x000001a152f0eae0, length=0, elements={
}

Java Threads: ( => current thread )

Other Threads:
  0x000001a1551a3000 GCTaskThread "GC Thread#0" [stack: 0x0000002300f00000,0x0000002301000000] [id=14712]
  0x000001a1551f1800 ConcurrentGCThread "G1 Main Marker" [stack: 0x0000002301000000,0x0000002301100000] [id=13060]
  0x000001a1551f4800 ConcurrentGCThread "G1 Conc#0" [stack: 0x0000002301100000,0x0000002301200000] [id=10280]

[error occurred during error reporting (printing all threads), id 0xc0000005, EXCEPTION_ACCESS_VIOLATION (0xc0000005) at pc=0x00007ffc18fc4f37]

VM state:not at safepoint (not fully initialized)

VM Mutex/Monitor currently owned by a thread:  ([mutex/lock_event])
[0x000001a15518bd60] Heap_lock - owner thread: 0x000001a15518e000

Heap address: 0x0000000720c00000, size: 3572 MB, Compressed Oops mode: Non-zero based: 0x0000000720c00000
Narrow klass base: 0x0000000000000000, Narrow klass shift: 0

GC Heap History (0 events):
No events

Deoptimization events (0 events):
No events

Classes redefined (0 events):
No events

Internal exceptions (0 events):
No events

Events (0 events):
No events


Dynamic libraries:
0x00007ff67bf00000 - 0x00007ff67bf0f000 	C:\Program Files\Java\jdk-11.0.12\bin\java.exe
0x00007ffc8ff10000 - 0x00007ffc90105000 	C:\Windows\SYSTEM32\ntdll.dll
0x00007ffc8ed90000 - 0x00007ffc8ee4e000 	C:\Windows\System32\KERNEL32.DLL
0x00007ffc8d9b0000 - 0x00007ffc8dc78000 	C:\Windows\System32\KERNELBASE.dll
0x00007ffc8ddd0000 - 0x00007ffc8ded0000 	C:\Windows\System32\ucrtbase.dll
0x00007ffc88280000 - 0x00007ffc88295000 	C:\Program Files\Java\jdk-11.0.12\bin\VCRUNTIME140.dll
0x00007ffc7c060000 - 0x00007ffc7c078000 	C:\Program Files\Java\jdk-11.0.12\bin\jli.dll
0x00007ffc8fa70000 - 0x00007ffc8fb1e000 	C:\Windows\System32\ADVAPI32.dll
0x00007ffc8fd80000 - 0x00007ffc8fe1e000 	C:\Windows\System32\msvcrt.dll
0x00007ffc8eb10000 - 0x00007ffc8ebac000 	C:\Windows\System32\sechost.dll
0x00007ffc8e6c0000 - 0x00007ffc8e7e5000 	C:\Windows\System32\RPCRT4.dll
0x00007ffc8e960000 - 0x00007ffc8eb00000 	C:\Windows\System32\USER32.dll
0x00007ffc76b40000 - 0x00007ffc76dda000 	C:\Windows\WinSxS\amd64_microsoft.windows.common-controls_6595b64144ccf1df_6.0.19041.1110_none_60b5254171f9507e\COMCTL32.dll
0x00007ffc8dcf0000 - 0x00007ffc8dd12000 	C:\Windows\System32\win32u.dll
0x00007ffc8f210000 - 0x00007ffc8f23b000 	C:\Windows\System32\GDI32.dll
0x00007ffc8d680000 - 0x00007ffc8d78b000 	C:\Windows\System32\gdi32full.dll
0x00007ffc8ded0000 - 0x00007ffc8df6d000 	C:\Windows\System32\msvcp_win.dll
0x00007ffc83f00000 - 0x00007ffc83f0a000 	C:\Windows\SYSTEM32\VERSION.dll
0x00007ffc8e8d0000 - 0x00007ffc8e900000 	C:\Windows\System32\IMM32.DLL
0x00007ffc31b60000 - 0x00007ffc31bfb000 	C:\Program Files\Java\jdk-11.0.12\bin\msvcp140.dll
0x00007ffc18ce0000 - 0x00007ffc197df000 	C:\Program Files\Java\jdk-11.0.12\bin\server\jvm.dll
0x00007ffc8fd60000 - 0x00007ffc8fd68000 	C:\Windows\System32\PSAPI.DLL
0x00007ffc76e10000 - 0x00007ffc76e19000 	C:\Windows\SYSTEM32\WSOCK32.dll
0x00007ffc8f1a0000 - 0x00007ffc8f20b000 	C:\Windows\System32\WS2_32.dll
0x00007ffc82350000 - 0x00007ffc82377000 	C:\Windows\SYSTEM32\WINMM.dll
0x00007ffc8b740000 - 0x00007ffc8b752000 	C:\Windows\SYSTEM32\kernel.appcore.dll
0x00007ffc891c0000 - 0x00007ffc891d0000 	C:\Program Files\Java\jdk-11.0.12\bin\verify.dll
0x00007ffc85980000 - 0x00007ffc85b64000 	C:\Windows\SYSTEM32\DBGHELP.DLL
0x00007ffc734a0000 - 0x00007ffc734cc000 	C:\Windows\SYSTEM32\dbgcore.DLL
0x00007ffc8d8f0000 - 0x00007ffc8d972000 	C:\Windows\System32\bcryptPrimitives.dll
0x00007ffc7c030000 - 0x00007ffc7c058000 	C:\Program Files\Java\jdk-11.0.12\bin\java.dll
0x00007ffc88390000 - 0x00007ffc8839a000 	C:\Program Files\Java\jdk-11.0.12\bin\jimage.dll
0x00007ffc7c010000 - 0x00007ffc7c026000 	C:\Program Files\Java\jdk-11.0.12\bin\zip.dll

dbghelp: loaded successfully - version: 4.0.5 - missing functions: none
symbol engine: initialized successfully - sym options: 0x614 - pdb path: .;C:\Program Files\Java\jdk-11.0.12\bin;C:\Windows\SYSTEM32;C:\Windows\WinSxS\amd64_microsoft.windows.common-controls_6595b64144ccf1df_6.0.19041.1110_none_60b5254171f9507e;C:\Program Files\Java\jdk-11.0.12\bin\server

VM Arguments:
jvm_args: -Xverify:none -XX:TieredStopAtLevel=1 -Dfile.encoding=windows-1252 -Duser.country=AR -Duser.language=es -Duser.variant 
java_command: com.mindhub.tiendaderopa.TiendaDeRopaApplication
java_class_path (initial): D:\MindHub\FS025\PROYECTOS\Java\tienda-de-ropa\src\main\resources;D:\MindHub\FS025\PROYECTOS\Java\tienda-de-ropa\build\classes\java\main;C:\Users\Guille\.gradle\caches\modules-2\files-2.1\com.fasterxml.jackson.dataformat\jackson-dataformat-xml\2.11.4\7226d5e61c279ae9dfc29bef6d44c017357a3e50\jackson-dataformat-xml-2.11.4.jar;C:\Users\Guille\.gradle\caches\modules-2\files-2.1\com.github.librepdf\openpdf\1.3.8\ce13cc42621e5763a8f65dfab1fa4334fc8b7871\openpdf-1.3.8.jar;C:\Users\Guille\.gradle\caches\modules-2\files-2.1\com.h2database\h2\1.4.200\f7533fe7cb8e99c87a43d325a77b4b678ad9031a\h2-1.4.200.jar;C:\Users\Guille\.gradle\caches\modules-2\files-2.1\jakarta.transaction\jakarta.transaction-api\1.3.3\c4179d48720a1e87202115fbed6089bdc4195405\jakarta.transaction-api-1.3.3.jar;C:\Users\Guille\.gradle\caches\modules-2\files-2.1\jakarta.persistence\jakarta.persistence-api\2.2.3\8f6ea5daedc614f07a3654a455660145286f024e\jakarta.persistence-api-2.2.3.jar;C:\Users\Guille\.gradle\caches\modules-2\files-2.1\org.hibernate\hibernate-core\5.4.32.Final\99a5e10bf455337014c190e141ec631e9ff71663\hibernate-core-5.4.32.Final.jar;C:\Users\Guille\.gradle\caches\modules-2\files-2.1\org.springframework.data\spring-data-jpa\2.4.12\4815439e618ef3b2f4e90dbdc820ac4efeb6211f\spring-data-jpa-2.4.12.jar;C:\Users\Guille\.gradle\caches\modules-2\files-2.1\org.springframework\spring-aspects\5.3.9\ee2c3f8f99e1f115f502a7e47e632b1ed229e766\spring-aspects-5.3.9.jar;C:\Users\Guille\.gradle\caches\modules-2\files-2.1\org.springframework.data\spring-data-rest-webmvc\3.4.12\d62931a68959a80ff04e3f2baa9f5e1e0dc00e9c\spring-data-rest-webmvc-3.4.12.jar;C:\Users\Guille\.gradle\caches\modules-2\files-2.1\org.springframework.data\spring-data-rest-core\3.4.12\a2a9b564e1e24beed8dea9dc818ab495c6003316\spring-data-rest-core-3.4.12.jar;C:\Users\Guille\.gradle\caches\modules-2\files-2.1\org.springframework\spring-webmvc\5.3.9\c3cd1f0bba2658995e887d2f0011ab9bd3da1773\spring-webmvc-5.3.9.jar;C:\User
Launcher Type: SUN_STANDARD

[Global flags]
     bool BytecodeVerificationLocal                = false                                     {product} {command line}
     bool BytecodeVerificationRemote               = false                                     {product} {command line}
     intx CICompilerCount                          = 4                                         {product} {ergonomic}
     uint ConcGCThreads                            = 2                                         {product} {ergonomic}
     uint G1ConcRefinementThreads                  = 8                                         {product} {ergonomic}
   size_t G1HeapRegionSize                         = 1048576                                   {product} {ergonomic}
    uintx GCDrainStackTargetSize                   = 64                                        {product} {ergonomic}
   size_t InitialHeapSize                          = 234881024                                 {product} {ergonomic}
   size_t MarkStackSize                            = 4194304                                   {product} {ergonomic}
   size_t MaxHeapSize                              = 3745513472                                {product} {ergonomic}
   size_t MinHeapDeltaBytes                        = 1048576                                   {product} {ergonomic}
    uintx NonNMethodCodeHeapSize                   = 7549744                                {pd product} {ergonomic}
    uintx NonProfiledCodeHeapSize                  = 244108496                              {pd product} {ergonomic}
    uintx ProfiledCodeHeapSize                     = 0                                      {pd product} {ergonomic}
    uintx ReservedCodeCacheSize                    = 251658240                              {pd product} {ergonomic}
     bool SegmentedCodeCache                       = true                                      {product} {ergonomic}
     intx TieredStopAtLevel                        = 1                                         {product} {command line}
     bool UseCompressedClassPointers               = true                                 {lp64_product} {ergonomic}
     bool UseCompressedOops                        = true                                 {lp64_product} {ergonomic}
     bool UseG1GC                                  = true                                      {product} {ergonomic}
     bool UseLargePagesIndividualAllocation        = false                                  {pd product} {ergonomic}

Logging:
Log output configuration:
 #0: stdout all=warning uptime,level,tags
 #1: stderr all=off uptime,level,tags

Environment Variables:
JAVA_HOME=C:\Program Files\Eclipse Adoptium\jdk-11.0.14.101-hotspot\
PATH=C:\Program Files\Eclipse Adoptium\jdk-11.0.14.101-hotspot\bin;C:\ProgramData\Oracle\Java\javapath;C:\Program Files\Common Files\Oracle\Java\javapath;C:\Python310\Scripts\;C:\Python310\;C:\Python39\Scripts\;C:\Python39\;C:\PROGRA~2\Borland\CBUILD~1\Bin;C:\PROGRA~2\Borland\CBUILD~1\Projects\Bpl;C:\Program Files (x86)\CollabNet;C:\Program Files (x86)\Embarcadero\Studio\15.0\bin;C:\Users\Public\Documents\Embarcadero\Studio\15.0\Bpl;C:\Program Files (x86)\Embarcadero\Studio\15.0\bin64;C:\Users\Public\Documents\Embarcadero\Studio\15.0\Bpl\Win64;C:\Windows\system32;C:\Windows;C:\Windows\System32\Wbem;C:\Windows\System32\WindowsPowerShell\v1.0\;C:\Windows\System32\OpenSSH\;C:\ProgramData\chocolatey\bin;C:\Program Files\Git\cmd;C:\Program Files\nodejs\;C:\Users\Guille\AppData\Local\Microsoft\WindowsApps;C:\Users\Guille\AppData\Local\Programs\Microsoft VS Code\bin;C:\Program Files\JetBrains\IntelliJ IDEA Community Edition 2021.3.1\bin;;C:\jdk-11.0.12;C:\gradle-6.8\bin;C:\Users\Guille\AppData\Roaming\npm;C:\Program Files\heroku\bin
USERNAME=Guille
OS=Windows_NT
PROCESSOR_IDENTIFIER=AMD64 Family 23 Model 17 Stepping 0, AuthenticAMD



---------------  S Y S T E M  ---------------

OS: Windows 10 , 64 bit Build 19041 (10.0.19041.1566)

CPU:total 8 (initial active 8) (8 cores per cpu, 2 threads per core) family 23 model 17 stepping 0 microcode 0x0, cmov, cx8, fxsr, mmx, sse, sse2, sse3, ssse3, sse4.1, sse4.2, popcnt, avx, avx2, aes, clmul, mmxext, 3dnowpref, lzcnt, sse4a, ht, tsc, tscinvbit, tscinv, bmi1, bmi2, adx, s

Memory: 4k page, system-wide physical 14284M (1901M free)
TotalPageFile size 14284M (AvailPageFile size 58M)
current process WorkingSet (physical memory assigned to process): 10M, peak: 10M
current process commit charge ("private bytes"): 58M, peak: 282M

vm_info: Java HotSpot(TM) 64-Bit Server VM (11.0.12+8-LTS-237) for windows-amd64 JRE (11.0.12+8-LTS-237), built on Jun  8 2021 11:25:59 by "mach5one" with MS VC++ 15.9 (VS2017)

END.
